2022-04-02 10:50:35 [restartedMain] INFO  c.y.p.ZynbbsApplication - Starting ZynbbsApplication on DESKTOP-J7RAUGS with PID 24132 (F:\gitcode\target\classes started by dell in F:\gitcode)
2022-04-02 10:50:35 [restartedMain] INFO  c.y.p.ZynbbsApplication - The following profiles are active: dev
2022-04-02 10:50:35 [restartedMain] INFO  o.s.b.d.r.ChangeableUrls - The Class-Path manifest attribute in E:\Maven\.m2\repository\com\sun\xml\bind\jaxb-impl\2.1\jaxb-impl-2.1.jar referenced one or more files that do not exist: file:/E:/Maven/.m2/repository/com/sun/xml/bind/jaxb-impl/2.1/jaxb-api.jar,file:/E:/Maven/.m2/repository/com/sun/xml/bind/jaxb-impl/2.1/activation.jar,file:/E:/Maven/.m2/repository/com/sun/xml/bind/jaxb-impl/2.1/jsr173_1.0_api.jar,file:/E:/Maven/.m2/repository/com/sun/xml/bind/jaxb-impl/2.1/jaxb1-impl.jar
2022-04-02 10:50:35 [restartedMain] INFO  o.s.b.d.e.DevToolsPropertyDefaultsPostProcessor - Devtools property defaults active! Set 'spring.devtools.add-properties' to 'false' to disable
2022-04-02 10:50:35 [restartedMain] INFO  o.s.b.d.e.DevToolsPropertyDefaultsPostProcessor - For additional web related logging consider setting the 'logging.level.web' property to 'DEBUG'
2022-04-02 10:50:40 [restartedMain] INFO  o.s.c.s.PostProcessorRegistrationDelegate$BeanPostProcessorChecker - Bean 'siteConfig' of type [co.yiiu.pybbs.config.SiteConfig$$EnhancerBySpringCGLIB$$8dd3fa52] is not eligible for getting processed by all BeanPostProcessors (for example: not eligible for auto-proxying)
2022-04-02 10:50:41 [restartedMain] INFO  o.s.c.s.PostProcessorRegistrationDelegate$BeanPostProcessorChecker - Bean 'dataSourceHelper' of type [co.yiiu.pybbs.config.DataSourceHelper$$EnhancerBySpringCGLIB$$991dba9c] is not eligible for getting processed by all BeanPostProcessors (for example: not eligible for auto-proxying)
2022-04-02 10:50:41 [restartedMain] INFO  o.s.c.s.PostProcessorRegistrationDelegate$BeanPostProcessorChecker - Bean 'dataSourceConfig' of type [co.yiiu.pybbs.config.DataSourceConfig$$EnhancerBySpringCGLIB$$a910dcb0] is not eligible for getting processed by all BeanPostProcessors (for example: not eligible for auto-proxying)
2022-04-02 10:50:41 [restartedMain] INFO  c.z.h.HikariDataSource - HikariPool-1 - Starting...
2022-04-02 10:50:41 [restartedMain] INFO  c.z.h.HikariDataSource - HikariPool-1 - Start completed.
2022-04-02 10:50:41 [restartedMain] INFO  o.s.c.s.PostProcessorRegistrationDelegate$BeanPostProcessorChecker - Bean 'dataSource' of type [com.zaxxer.hikari.HikariDataSource] is not eligible for getting processed by all BeanPostProcessors (for example: not eligible for auto-proxying)
2022-04-02 10:50:41 [restartedMain] INFO  o.f.c.i.l.VersionPrinter - Flyway Community Edition 5.2.1 by Boxfuse
2022-04-02 10:50:41 [restartedMain] INFO  o.f.c.i.d.DatabaseFactory - Database: jdbc:mysql://localhost:3306/pybbs (MySQL 8.0)
2022-04-02 10:50:42 [restartedMain] INFO  o.f.c.i.c.DbValidate - Successfully validated 18 migrations (execution time 00:00.259s)
2022-04-02 10:50:42 [restartedMain] INFO  o.f.c.i.c.DbMigrate - Current version of schema `pybbs`: 1.17
2022-04-02 10:50:42 [restartedMain] INFO  o.f.c.i.c.DbMigrate - Schema `pybbs` is up to date. No migration necessary.
2022-04-02 10:50:42 [restartedMain] INFO  o.s.c.s.PostProcessorRegistrationDelegate$BeanPostProcessorChecker - Bean 'flywayConfig' of type [co.yiiu.pybbs.config.FlywayConfig$$EnhancerBySpringCGLIB$$c5f64087] is not eligible for getting processed by all BeanPostProcessors (for example: not eligible for auto-proxying)
2022-04-02 10:50:42 [restartedMain] INFO  o.s.c.s.PostProcessorRegistrationDelegate$BeanPostProcessorChecker - Bean 'mybatisPlusConfig' of type [co.yiiu.pybbs.config.MybatisPlusConfig$$EnhancerBySpringCGLIB$$9b685f68] is not eligible for getting processed by all BeanPostProcessors (for example: not eligible for auto-proxying)
2022-04-02 10:50:42 [restartedMain] INFO  o.s.c.s.PostProcessorRegistrationDelegate$BeanPostProcessorChecker - Bean 'mybatisSqlSession' of type [org.apache.ibatis.session.defaults.DefaultSqlSessionFactory] is not eligible for getting processed by all BeanPostProcessors (for example: not eligible for auto-proxying)
2022-04-02 10:50:42 [restartedMain] INFO  o.s.c.s.PostProcessorRegistrationDelegate$BeanPostProcessorChecker - Bean 'mybatis-plus-com.baomidou.mybatisplus.autoconfigure.MybatisPlusProperties' of type [com.baomidou.mybatisplus.autoconfigure.MybatisPlusProperties] is not eligible for getting processed by all BeanPostProcessors (for example: not eligible for auto-proxying)
2022-04-02 10:50:42 [restartedMain] INFO  o.s.c.s.PostProcessorRegistrationDelegate$BeanPostProcessorChecker - Bean 'com.baomidou.mybatisplus.autoconfigure.MybatisPlusAutoConfiguration' of type [com.baomidou.mybatisplus.autoconfigure.MybatisPlusAutoConfiguration$$EnhancerBySpringCGLIB$$d0f0ed86] is not eligible for getting processed by all BeanPostProcessors (for example: not eligible for auto-proxying)
2022-04-02 10:50:42 [restartedMain] INFO  o.s.c.s.PostProcessorRegistrationDelegate$BeanPostProcessorChecker - Bean 'sqlSessionTemplate' of type [org.mybatis.spring.SqlSessionTemplate] is not eligible for getting processed by all BeanPostProcessors (for example: not eligible for auto-proxying)
2022-04-02 10:50:43 [restartedMain] INFO  o.s.c.s.PostProcessorRegistrationDelegate$BeanPostProcessorChecker - Bean 'adminUserMapper' of type [org.mybatis.spring.mapper.MapperFactoryBean] is not eligible for getting processed by all BeanPostProcessors (for example: not eligible for auto-proxying)
2022-04-02 10:50:43 [restartedMain] INFO  o.s.c.s.PostProcessorRegistrationDelegate$BeanPostProcessorChecker - Bean 'adminUserMapper' of type [com.sun.proxy.$Proxy73] is not eligible for getting processed by all BeanPostProcessors (for example: not eligible for auto-proxying)
2022-04-02 10:50:43 [restartedMain] INFO  o.s.c.s.PostProcessorRegistrationDelegate$BeanPostProcessorChecker - Bean 'adminUserService' of type [co.yiiu.pybbs.service.impl.AdminUserService] is not eligible for getting processed by all BeanPostProcessors (for example: not eligible for auto-proxying)
2022-04-02 10:50:43 [restartedMain] INFO  o.s.c.s.PostProcessorRegistrationDelegate$BeanPostProcessorChecker - Bean 'roleMapper' of type [org.mybatis.spring.mapper.MapperFactoryBean] is not eligible for getting processed by all BeanPostProcessors (for example: not eligible for auto-proxying)
2022-04-02 10:50:43 [restartedMain] INFO  o.s.c.s.PostProcessorRegistrationDelegate$BeanPostProcessorChecker - Bean 'roleMapper' of type [com.sun.proxy.$Proxy74] is not eligible for getting processed by all BeanPostProcessors (for example: not eligible for auto-proxying)
2022-04-02 10:50:43 [restartedMain] INFO  o.s.c.s.PostProcessorRegistrationDelegate$BeanPostProcessorChecker - Bean 'rolePermissionMapper' of type [org.mybatis.spring.mapper.MapperFactoryBean] is not eligible for getting processed by all BeanPostProcessors (for example: not eligible for auto-proxying)
2022-04-02 10:50:43 [restartedMain] INFO  o.s.c.s.PostProcessorRegistrationDelegate$BeanPostProcessorChecker - Bean 'rolePermissionMapper' of type [com.sun.proxy.$Proxy75] is not eligible for getting processed by all BeanPostProcessors (for example: not eligible for auto-proxying)
2022-04-02 10:50:43 [restartedMain] INFO  o.s.c.s.PostProcessorRegistrationDelegate$BeanPostProcessorChecker - Bean 'rolePermissionService' of type [co.yiiu.pybbs.service.impl.RolePermissionService] is not eligible for getting processed by all BeanPostProcessors (for example: not eligible for auto-proxying)
2022-04-02 10:50:43 [restartedMain] INFO  o.s.c.s.PostProcessorRegistrationDelegate$BeanPostProcessorChecker - Bean 'permissionMapper' of type [org.mybatis.spring.mapper.MapperFactoryBean] is not eligible for getting processed by all BeanPostProcessors (for example: not eligible for auto-proxying)
2022-04-02 10:50:43 [restartedMain] INFO  o.s.c.s.PostProcessorRegistrationDelegate$BeanPostProcessorChecker - Bean 'permissionMapper' of type [com.sun.proxy.$Proxy76] is not eligible for getting processed by all BeanPostProcessors (for example: not eligible for auto-proxying)
2022-04-02 10:50:43 [restartedMain] INFO  o.s.c.s.PostProcessorRegistrationDelegate$BeanPostProcessorChecker - Bean 'permissionService' of type [co.yiiu.pybbs.service.impl.PermissionService] is not eligible for getting processed by all BeanPostProcessors (for example: not eligible for auto-proxying)
2022-04-02 10:50:43 [restartedMain] INFO  o.s.c.s.PostProcessorRegistrationDelegate$BeanPostProcessorChecker - Bean 'roleService' of type [co.yiiu.pybbs.service.impl.RoleService] is not eligible for getting processed by all BeanPostProcessors (for example: not eligible for auto-proxying)
2022-04-02 10:50:43 [restartedMain] INFO  o.s.c.s.PostProcessorRegistrationDelegate$BeanPostProcessorChecker - Bean 'myShiroRealm' of type [co.yiiu.pybbs.config.realm.MyShiroRealm] is not eligible for getting processed by all BeanPostProcessors (for example: not eligible for auto-proxying)
2022-04-02 10:50:43 [restartedMain] INFO  o.s.c.s.PostProcessorRegistrationDelegate$BeanPostProcessorChecker - Bean 'systemConfigMapper' of type [org.mybatis.spring.mapper.MapperFactoryBean] is not eligible for getting processed by all BeanPostProcessors (for example: not eligible for auto-proxying)
2022-04-02 10:50:43 [restartedMain] INFO  o.s.c.s.PostProcessorRegistrationDelegate$BeanPostProcessorChecker - Bean 'systemConfigMapper' of type [com.sun.proxy.$Proxy78] is not eligible for getting processed by all BeanPostProcessors (for example: not eligible for auto-proxying)
2022-04-02 10:50:43 [restartedMain] INFO  o.s.c.s.PostProcessorRegistrationDelegate$BeanPostProcessorChecker - Bean 'systemConfigService' of type [co.yiiu.pybbs.service.impl.SystemConfigService] is not eligible for getting processed by all BeanPostProcessors (for example: not eligible for auto-proxying)
2022-04-02 10:50:43 [restartedMain] INFO  o.s.c.s.PostProcessorRegistrationDelegate$BeanPostProcessorChecker - Bean 'shiroConfig' of type [co.yiiu.pybbs.config.ShiroConfig$$EnhancerBySpringCGLIB$$6ed0cacc] is not eligible for getting processed by all BeanPostProcessors (for example: not eligible for auto-proxying)
2022-04-02 10:50:46 [restartedMain] INFO  o.s.c.s.PostProcessorRegistrationDelegate$BeanPostProcessorChecker - Bean 'myCredentialsMatcher' of type [co.yiiu.pybbs.config.realm.MyCredentialsMatcher] is not eligible for getting processed by all BeanPostProcessors (for example: not eligible for auto-proxying)
2022-04-02 10:50:46 [restartedMain] INFO  o.s.c.s.PostProcessorRegistrationDelegate$BeanPostProcessorChecker - Bean 'rememberMeCookie' of type [org.apache.shiro.web.servlet.SimpleCookie] is not eligible for getting processed by all BeanPostProcessors (for example: not eligible for auto-proxying)
2022-04-02 10:50:46 [restartedMain] INFO  o.s.c.s.PostProcessorRegistrationDelegate$BeanPostProcessorChecker - Bean 'rememberMeManager' of type [org.apache.shiro.web.mgt.CookieRememberMeManager] is not eligible for getting processed by all BeanPostProcessors (for example: not eligible for auto-proxying)
2022-04-02 10:50:46 [restartedMain] INFO  o.s.c.s.PostProcessorRegistrationDelegate$BeanPostProcessorChecker - Bean 'defaultWebSecurityManager' of type [org.apache.shiro.web.mgt.DefaultWebSecurityManager] is not eligible for getting processed by all BeanPostProcessors (for example: not eligible for auto-proxying)
2022-04-02 10:50:46 [restartedMain] INFO  c.y.p.c.ShiroConfig - 开始配置shiroFilter...
2022-04-02 10:50:46 [restartedMain] INFO  o.s.c.s.PostProcessorRegistrationDelegate$BeanPostProcessorChecker - Bean 'authorizationAttributeSourceAdvisor' of type [org.apache.shiro.spring.security.interceptor.AuthorizationAttributeSourceAdvisor] is not eligible for getting processed by all BeanPostProcessors (for example: not eligible for auto-proxying)
2022-04-02 10:50:46 [restartedMain] INFO  o.s.c.s.PostProcessorRegistrationDelegate$BeanPostProcessorChecker - Bean 'org.springframework.transaction.annotation.ProxyTransactionManagementConfiguration' of type [org.springframework.transaction.annotation.ProxyTransactionManagementConfiguration] is not eligible for getting processed by all BeanPostProcessors (for example: not eligible for auto-proxying)
2022-04-02 10:50:48 [restartedMain] INFO  io.undertow.servlet - Initializing Spring embedded WebApplicationContext
2022-04-02 10:50:48 [restartedMain] INFO  o.s.w.c.ContextLoader - Root WebApplicationContext: initialization completed in 12374 ms
2022-04-02 10:50:49 [restartedMain] INFO  o.s.w.s.v.f.FreeMarkerConfig - 开始配置freemarker全局变量...
2022-04-02 10:50:49 [restartedMain] INFO  o.s.w.s.v.f.FreeMarkerConfig - freemarker全局变量配置完成!
2022-04-02 10:50:49 [restartedMain] INFO  o.s.w.s.v.f.FreeMarkerConfig - 开始配置freemarker自定义标签...
2022-04-02 10:50:49 [restartedMain] INFO  o.s.w.s.v.f.FreeMarkerConfig - freemarker自定义标签配置完成!
2022-04-02 10:50:51 [restartedMain] INFO  o.s.b.d.a.OptionalLiveReloadServer - LiveReload server is running on port 35729
2022-04-02 10:50:51 [restartedMain] INFO  i.u.websockets.jsr - UT026003: Adding annotated server endpoint class co.yiiu.pybbs.config.websocket.MyWebSocket for path /websocket
2022-04-02 10:50:52 [restartedMain] INFO  io.undertow - starting server: Undertow - 2.0.28.Final
2022-04-02 10:50:52 [restartedMain] INFO  org.xnio - XNIO version 3.3.8.Final
2022-04-02 10:50:52 [restartedMain] INFO  org.xnio.nio - XNIO NIO Implementation Version 3.3.8.Final
2022-04-02 10:50:52 [restartedMain] INFO  o.s.b.w.e.u.UndertowServletWebServer - Undertow started on port(s) 8080 (http) with context path ''
2022-04-02 10:50:52 [restartedMain] INFO  c.y.p.ZynbbsApplication - Started ZynbbsApplication in 18.736 seconds (JVM running for 24.458)
2022-04-02 10:51:05 [XNIO-1 task-1] INFO  io.undertow.servlet - Initializing Spring DispatcherServlet 'dispatcherServlet'
2022-04-02 10:51:05 [XNIO-1 task-1] INFO  o.s.w.s.DispatcherServlet - Initializing Servlet 'dispatcherServlet'
2022-04-02 10:51:05 [XNIO-1 task-1] INFO  o.s.w.s.DispatcherServlet - Completed initialization in 26 ms
2022-04-02 10:51:05 [XNIO-1 task-1] INFO  c.y.p.p.RedisService - redis配置信息不全或没有配置...
2022-04-02 10:51:05 [XNIO-1 task-1] INFO  c.y.p.p.RedisService - redis配置信息不全或没有配置...
2022-04-02 10:51:07 [XNIO-1 task-1] INFO  c.y.p.i.CommonInterceptor - 0:0:0:0:0:0:0:1|/|excitation=1607ms
2022-04-02 10:51:07 [XNIO-1 task-4] INFO  c.y.p.i.CommonInterceptor - 0:0:0:0:0:0:0:1|/static/theme/default/css/app.css|excitation=173ms
2022-04-02 10:51:07 [XNIO-1 task-8] INFO  c.y.p.i.CommonInterceptor - 0:0:0:0:0:0:0:1|/static/theme/default/js/app.js|excitation=204ms
2022-04-02 10:51:07 [XNIO-1 task-3] INFO  c.y.p.i.CommonInterceptor - 0:0:0:0:0:0:0:1|/static/Font-Awesome-4.7.0/css/font-awesome.min.css|excitation=273ms
2022-04-02 10:51:07 [XNIO-1 task-7] INFO  c.y.p.i.CommonInterceptor - 0:0:0:0:0:0:0:1|/static/theme/default/libs/layer/layer.js|excitation=286ms
2022-04-02 10:51:07 [XNIO-1 task-2] INFO  c.y.p.i.CommonInterceptor - 0:0:0:0:0:0:0:1|/static/bootstrap-4.3.1-dist/css/bootstrap.min.css|excitation=349ms
2022-04-02 10:51:07 [XNIO-1 task-6] INFO  c.y.p.i.CommonInterceptor - 0:0:0:0:0:0:0:1|/static/bootstrap-4.3.1-dist/js/bootstrap.bundle.min.js|excitation=348ms
2022-04-02 10:51:07 [XNIO-1 task-5] INFO  c.y.p.i.CommonInterceptor - 0:0:0:0:0:0:0:1|/static/jquery.min.js|excitation=379ms
2022-04-02 10:51:07 [XNIO-1 task-10] INFO  c.y.p.i.CommonInterceptor - 0:0:0:0:0:0:0:1|/static/upload/avatar/asd/avatar.jpeg|v=437307|excitation=157ms
2022-04-02 10:51:07 [XNIO-1 task-11] INFO  c.y.p.i.CommonInterceptor - 0:0:0:0:0:0:0:1|/static/upload/avatar/123/avatar.jpeg|v=366555|excitation=1ms
2022-04-02 10:51:07 [XNIO-1 task-11] INFO  c.y.p.i.CommonInterceptor - 0:0:0:0:0:0:0:1|/error|v=366555|excitation=47ms
2022-04-02 10:51:07 [XNIO-1 task-12] INFO  c.y.p.i.CommonInterceptor - 0:0:0:0:0:0:0:1|/static/theme/default/libs/layer/theme/default/layer.css|v=3.1.1|excitation=40ms
2022-04-02 10:51:08 [XNIO-1 task-13] INFO  c.y.p.p.RedisService - redis配置信息不全或没有配置...
2022-04-02 10:51:08 [XNIO-1 task-13] INFO  c.y.p.p.RedisService - redis配置信息不全或没有配置...
2022-04-02 10:51:08 [XNIO-1 task-9] INFO  c.y.p.i.CommonInterceptor - 0:0:0:0:0:0:0:1|/static/upload/avatar/czx/avatar.jpeg|v=853759|excitation=633ms
2022-04-02 10:51:08 [XNIO-1 task-13] INFO  c.y.p.i.CommonInterceptor - 0:0:0:0:0:0:0:1|/api/notification/notRead|_=1648867867817|excitation=142ms
2022-04-02 10:51:08 [XNIO-1 task-14] INFO  c.y.p.i.CommonInterceptor - 0:0:0:0:0:0:0:1|/static/Font-Awesome-4.7.0/fonts/fontawesome-webfont.woff2|v=4.7.0|excitation=38ms
2022-04-02 10:51:14 [XNIO-1 task-15] INFO  c.y.p.i.CommonInterceptor - 0:0:0:0:0:0:0:1|/adminlogin|excitation=122ms
2022-04-02 10:51:14 [XNIO-1 task-16] INFO  c.y.p.i.CommonInterceptor - 0:0:0:0:0:0:0:1|/static/bootstrap-3.3.7-dist/css/bootstrap.min.css|excitation=40ms
2022-04-02 10:51:14 [XNIO-1 task-17] INFO  c.y.p.i.CommonInterceptor - 0:0:0:0:0:0:0:1|/static/jquery-toast-plugin/jquery.toast.min.css|excitation=21ms
2022-04-02 10:51:14 [XNIO-1 task-19] INFO  c.y.p.i.CommonInterceptor - 0:0:0:0:0:0:0:1|/static/AdminLTE-2.4.8/css/AdminLTE.min.css|excitation=28ms
2022-04-02 10:51:14 [XNIO-1 task-20] INFO  c.y.p.i.CommonInterceptor - 0:0:0:0:0:0:0:1|/static/bootstrap-3.3.7-dist/js/bootstrap.min.js|excitation=45ms
2022-04-02 10:51:14 [XNIO-1 task-18] INFO  c.y.p.i.CommonInterceptor - 0:0:0:0:0:0:0:1|/static/AdminLTE-2.4.8/css/skins/_all-skins.min.css|excitation=52ms
2022-04-02 10:51:14 [XNIO-1 task-22] INFO  c.y.p.i.CommonInterceptor - 0:0:0:0:0:0:0:1|/static/AdminLTE-2.4.8/js/adminlte.min.js|excitation=69ms
2022-04-02 10:51:14 [XNIO-1 task-21] INFO  c.y.p.i.CommonInterceptor - 0:0:0:0:0:0:0:1|/static/jquery-toast-plugin/jquery.toast.min.js|excitation=69ms
2022-04-02 10:51:14 [XNIO-1 task-24] INFO  c.y.p.i.CommonInterceptor - 0:0:0:0:0:0:0:1|/static/bootstrap-3.3.7-dist/fonts/glyphicons-halflings-regular.woff2|excitation=61ms
2022-04-02 10:51:15 [XNIO-1 task-23] INFO  c.y.p.i.CommonInterceptor - 0:0:0:0:0:0:0:1|/common/captcha|excitation=1187ms
2022-04-02 10:51:15 [XNIO-1 task-25] INFO  c.y.p.i.CommonInterceptor - 0:0:0:0:0:0:0:1|/error|excitation=0ms
2022-04-02 10:51:19 [XNIO-1 task-26] INFO  c.y.p.i.CommonInterceptor - 0:0:0:0:0:0:0:1|/admin/login|password=|code=|rememberMe=1|username=admin|excitation=79ms
2022-04-02 10:51:19 [XNIO-1 task-27] INFO  c.y.p.i.CommonInterceptor - 0:0:0:0:0:0:0:1|/adminlogin|excitation=7ms
2022-04-02 10:51:19 [XNIO-1 task-28] INFO  c.y.p.i.CommonInterceptor - 0:0:0:0:0:0:0:1|/common/captcha|excitation=61ms
2022-04-02 10:51:25 [XNIO-1 task-29] INFO  c.y.p.c.r.MyShiroRealm - 用户：admin 正在登录...
2022-04-02 10:51:26 [XNIO-1 task-29] INFO  c.y.p.i.CommonInterceptor - 0:0:0:0:0:0:0:1|/admin/login|password=123123|code=4wxq|rememberMe=1|username=admin|excitation=401ms
2022-04-02 10:51:27 [XNIO-1 task-31] INFO  c.y.p.c.r.MyShiroRealm - 用户：admin 正在登录...
2022-04-02 10:51:27 [XNIO-1 task-31] INFO  c.y.p.i.CommonInterceptor - 0:0:0:0:0:0:0:1|/admin/login|password=123123|code=4wxq|rememberMe=1|username=admin|excitation=234ms
2022-04-02 10:51:28 [XNIO-1 task-32] INFO  c.y.p.i.CommonInterceptor - 0:0:0:0:0:0:0:1|/admin/index|excitation=461ms
2022-04-02 10:51:28 [XNIO-1 task-30] INFO  c.y.p.i.CommonInterceptor - 0:0:0:0:0:0:0:1|/admin/index|excitation=2145ms
2022-04-02 10:51:28 [XNIO-1 task-38] INFO  c.y.p.i.CommonInterceptor - 0:0:0:0:0:0:0:1|/error|excitation=2ms
2022-04-02 10:51:28 [XNIO-1 task-37] INFO  c.y.p.i.CommonInterceptor - 0:0:0:0:0:0:0:1|/static/bootstrap-datepicker-1.8.0/locales/bootstrap-datepicker.zh-CN.min.js|excitation=31ms
2022-04-02 10:51:28 [XNIO-1 task-35] INFO  c.y.p.i.CommonInterceptor - 0:0:0:0:0:0:0:1|/static/bootstrap-datepicker-1.8.0/js/bootstrap-datepicker.min.js|excitation=54ms
2022-04-02 10:51:28 [XNIO-1 task-34] INFO  c.y.p.i.CommonInterceptor - 0:0:0:0:0:0:0:1|/static/bootstrap-datepicker-1.8.0/css/bootstrap-datepicker.min.css|excitation=62ms
2022-04-02 10:51:28 [XNIO-1 task-36] INFO  c.y.p.i.CommonInterceptor - 0:0:0:0:0:0:0:1|/static/admin/js/app.min.js|excitation=66ms
2022-04-02 10:51:28 [XNIO-1 task-33] INFO  c.y.p.i.CommonInterceptor - 0:0:0:0:0:0:0:1|/static/ionicons-2.0.1/css/ionicons.min.css|excitation=85ms
2022-04-02 10:51:28 [XNIO-1 task-39] INFO  c.y.p.i.CommonInterceptor - 0:0:0:0:0:0:0:1|/static/ionicons-2.0.1/fonts/ionicons.ttf|v=2.0.0|excitation=40ms
2022-04-02 10:51:31 [XNIO-1 task-40] INFO  c.y.p.i.CommonInterceptor - 0:0:0:0:0:0:0:1|/admin/system/edit|excitation=187ms
2022-04-02 10:51:31 [XNIO-1 task-41] INFO  c.y.p.i.CommonInterceptor - 0:0:0:0:0:0:0:1|/error|excitation=2ms
